0 info it worked if it ends with ok
1 verbose cli [ '/home/yetsu/.nvm/v0.10.38/bin/node',
1 verbose cli   '/home/yetsu/.nvm/v0.10.38/bin/npm',
1 verbose cli   'start' ]
2 info using npm@1.4.28
3 info using node@v0.10.38
4 verbose run-script [ 'prestart', 'start', 'poststart' ]
5 info prestart tedhis@0.2.0
6 info start tedhis@0.2.0
7 verbose unsafe-perm in lifecycle true
8 info tedhis@0.2.0 Failed to exec start script
9 error tedhis@0.2.0 start: `npm run clean && node_modules/.bin/nodemon server/server.js`
9 error Exit status 127
10 error Failed at the tedhis@0.2.0 start script.
10 error This is most likely a problem with the tedhis package,
10 error not with npm itself.
10 error Tell the author that this fails on your system:
10 error     npm run clean && node_modules/.bin/nodemon server/server.js
10 error You can get their info via:
10 error     npm owner ls tedhis
10 error There is likely additional logging output above.
11 error System Linux 3.2.0-51-generic
12 error command "/home/yetsu/.nvm/v0.10.38/bin/node" "/home/yetsu/.nvm/v0.10.38/bin/npm" "start"
13 error cwd /home/yetsu/Projects/webpack-boilerplate-sk9
14 error node -v v0.10.38
15 error npm -v 1.4.28
16 error code ELIFECYCLE
17 verbose exit [ 1, true ]
